<?xml version="1.0" encoding="UTF-8"?>
<!-- Generated by org.testng.reporters.JUnitReportReporter -->
<testsuite name="com.Script.HomePage" tests="1" time="7.004" ignored="1" failures="0" timestamp="05 Apr 2017 08:33:08 GMT" skipped="0" hostname="SHI58495EU1003F" errors="0">
  <testcase name="clk_SigninLink" time="7.004" classname="com.Script.HomePage"/>
  <testcase name="scrollHeroBanner" classname="com.Script.HomePage">
    <skipped/>
  </testcase> <!-- scrollHeroBanner -->
</testsuite> <!-- com.Script.HomePage -->
