<?xml version="1.0" encoding="UTF-8"?>
<!-- Generated by org.testng.reporters.JUnitReportReporter -->
<testsuite name="com.Script.HomePage" tests="1" time="30.089" ignored="0" failures="0" timestamp="21 Apr 2017 09:59:17 GMT" skipped="0" hostname="SHI58495EU1003F" errors="0">
  <testcase name="type_SearchBox" time="30.089" classname="com.Script.HomePage"/>
</testsuite> <!-- com.Script.HomePage -->
